d:\study7\graphics\project2\debug\vc143.pdb
d:\study7\graphics\project2\debug\vc143.idb
d:\study7\graphics\project2\debug\openglmeshloader19.obj
d:\study7\graphics\project2\debug\model_3ds.obj
d:\study7\graphics\project2\debug\gltexture.obj
d:\study7\graphics\project3\debug\vc143.pdb
d:\study7\graphics\project3\debug\vc143.idb
d:\study7\graphics\project3\debug\openglmeshloader19.obj
d:\study7\graphics\project3\debug\model_3ds.obj
d:\study7\graphics\project3\debug\gltexture.obj
d:\study7\graphics\project3\debug\obj.obj
d:\study7\graphics\project2\debug\openglmeshloader19.exe
d:\study7\graphics\project2\debug\openglmeshloader19.pdb
d:\study7\graphics\project3\debug\openglmeshloader19.exe
d:\study7\graphics\project3\debug\openglmeshloader19.pdb
d:\study7\graphics\cola man\debug\gltexture.obj
d:\study7\graphics\cola man\debug\model_3ds.obj
d:\study7\graphics\cola man\debug\obj.obj
d:\study7\graphics\cola man\debug\openglmeshloader19.obj
d:\study7\graphics\cola man\debug\vc142.idb
d:\study7\graphics\cola man\debug\vc143.idb
d:\study7\graphics\cola man\debug\openglmeshloader19.pdb
d:\study7\graphics\cola man\debug\vc142.pdb
d:\study7\graphics\cola man\debug\vc143.pdb
d:\study7\graphics\cola man\debug\openglmeshloader19.exe
d:\study7\graphics\cola man\debug\openglme.2ee1f2c2.tlog\cl.command.1.tlog
d:\study7\graphics\cola man\debug\openglme.2ee1f2c2.tlog\cl.read.1.tlog
d:\study7\graphics\cola man\debug\openglme.2ee1f2c2.tlog\cl.write.1.tlog
d:\study7\graphics\cola man\debug\openglme.2ee1f2c2.tlog\link.command.1.tlog
d:\study7\graphics\cola man\debug\openglme.2ee1f2c2.tlog\link.read.1.tlog
d:\study7\graphics\cola man\debug\openglme.2ee1f2c2.tlog\link.write.1.tlog
